  stdafx.cpp
  Test2.cpp
f:\files\programming\projects\new c++\test2\test2\test2.cpp(5): error C2871: 'sf': a namespace with this name does not exist
f:\files\programming\projects\new c++\test2\test2\test2.cpp(9): error C2065: 'RenderWindow': undeclared identifier
f:\files\programming\projects\new c++\test2\test2\test2.cpp(9): error C2146: syntax error: missing ';' before identifier 'window'
f:\files\programming\projects\new c++\test2\test2\test2.cpp(9): error C3861: 'VideoMode': identifier not found
f:\files\programming\projects\new c++\test2\test2\test2.cpp(9): error C3861: 'window': identifier not found
